<?xml version="1.0" encoding="UTF-8"?>
<!-- Generated by org.testng.reporters.JUnitReportReporter -->
<testsuite skipped="0" hostname="DESKTOP-C5FUFS1" name="tests.LoginTest" tests="3" failures="0" timestamp="07 Jul 2022 07:03:49 GMT" time="15.525" errors="0">
  <testcase name="openAppTest" time="0.195" classname="tests.LoginTest"/>
  <testcase name="loginTest" time="11.995" classname="tests.LoginTest"/>
  <testcase name="logoutUserTest" time="3.335" classname="tests.LoginTest"/>
</testsuite> <!-- tests.LoginTest -->
