<?xml version="1.0" encoding="UTF-8"?>
<!-- Generated by org.testng.reporters.JUnitReportReporter -->
<testsuite skipped="0" hostname="DESKTOP-C5FUFS1" name="tests.LoginTest" tests="3" failures="0" timestamp="07 Jul 2022 07:08:12 GMT" time="13.427" errors="0">
  <testcase name="openAppTest" time="0.443" classname="tests.LoginTest"/>
  <testcase name="loginTest" time="9.775" classname="tests.LoginTest"/>
  <testcase name="logoutUserTest" time="3.209" classname="tests.LoginTest"/>
</testsuite> <!-- tests.LoginTest -->
